<?xml version="1.0" encoding="UTF-8"?>
<testsuite name="org.test.webPageTest" tests="1" skipped="0" failures="0" errors="0" timestamp="2025-06-09T17:33:55.549Z" hostname="DESKTOP-RA98KC5" time="0.017">
  <properties/>
  <testcase name="titleValidationTest" classname="org.test.webPageTest" time="0.017"/>
  <system-out><![CDATA[]]></system-out>
  <system-err><![CDATA[]]></system-err>
</testsuite>
